<?xml version="1.0" encoding="UTF-8"?>
<!-- Generated by org.testng.reporters.JUnitXMLReporter -->
<testsuite ignored="0" hostname="DESKTOP-Q1BOVCQ" failures="1" tests="1" name="ErrorValidations" time="9.676" errors="0" timestamp="2025-01-07T08:16:33 IST">
  <testcase classname="seleniumFrameworkPractice.refactor.tests.ErrorValidations" name="incorrectCredentialsTest" time="0.761">
    <failure type="java.lang.AssertionError" message="expected [ Incorrect email or password] but found [Incorrect email or password.]">
      <![CDATA[java.lang.AssertionError: expected [ Incorrect email or password] but found [Incorrect email or password.]
at seleniumFrameworkPractice.refactor.tests.ErrorValidations.incorrectCredentialsTest(ErrorValidations.java:23)
at java.base/java.util.ArrayList.forEach(ArrayList.java:1511)
at java.base/java.util.concurrent.FutureTask.run(FutureTask.java:264)
at java.base/java.util.concurrent.ThreadPoolExecutor.runWorker(ThreadPoolExecutor.java:1130)
at java.base/java.util.concurrent.ThreadPoolExecutor$Worker.run(ThreadPoolExecutor.java:630)
at java.base/java.lang.Thread.run(Thread.java:831)
... Removed 23 stack frames]]>
    </failure>
  </testcase> <!-- incorrectCredentialsTest -->
</testsuite> <!-- ErrorValidations -->
