<?xml version="1.0" encoding="UTF-8"?>
<!-- Generated by org.testng.reporters.JUnitXMLReporter -->
<testsuite ignored="0" hostname="DESKTOP-Q1BOVCQ" failures="2" tests="3" name="PlaceOrderTest" time="37.028" errors="0" timestamp="2025-01-07T08:17:00 IST">
  <testcase classname="seleniumFrameworkPractice.refactor.tests.PlaceOrderTest" name="SubmitOrderTest" time="16.471">
    <failure type="java.lang.AssertionError" message="The following asserts failed:
	expected [Thankyou for the order.] but found [THANKYOU FOR THE ORDER.]">
      <![CDATA[java.lang.AssertionError: The following asserts failed:
expected [Thankyou for the order.] but found [THANKYOU FOR THE ORDER.]
at seleniumFrameworkPractice.refactor.tests.PlaceOrderTest.SubmitOrderTest(PlaceOrderTest.java:52)
at java.base/java.util.ArrayList.forEach(ArrayList.java:1511)
at java.base/java.util.concurrent.FutureTask.run(FutureTask.java:264)
at java.base/java.util.concurrent.ThreadPoolExecutor.runWorker(ThreadPoolExecutor.java:1130)
at java.base/java.util.concurrent.ThreadPoolExecutor$Worker.run(ThreadPoolExecutor.java:630)
at java.base/java.lang.Thread.run(Thread.java:831)
... Removed 19 stack frames]]>
    </failure>
  </testcase> <!-- SubmitOrderTest -->
  <testcase classname="seleniumFrameworkPractice.refactor.tests.PlaceOrderTest" name="SubmitOrderTest" time="5.229">
    <failure type="java.lang.AssertionError" message="The following asserts failed:
	expected [Thankyou for the order.] but found [THANKYOU FOR THE ORDER.]">
      <![CDATA[java.lang.AssertionError: The following asserts failed:
expected [Thankyou for the order.] but found [THANKYOU FOR THE ORDER.]
at seleniumFrameworkPractice.refactor.tests.PlaceOrderTest.SubmitOrderTest(PlaceOrderTest.java:52)
at java.base/java.util.ArrayList.forEach(ArrayList.java:1511)
at java.base/java.util.concurrent.FutureTask.run(FutureTask.java:264)
at java.base/java.util.concurrent.ThreadPoolExecutor.runWorker(ThreadPoolExecutor.java:1130)
at java.base/java.util.concurrent.ThreadPoolExecutor$Worker.run(ThreadPoolExecutor.java:630)
at java.base/java.lang.Thread.run(Thread.java:831)
... Removed 19 stack frames]]>
    </failure>
  </testcase> <!-- SubmitOrderTest -->
  <testcase classname="seleniumFrameworkPractice.refactor.tests.PlaceOrderTest" name="OrderpageProductValidation" time="0.0">
    <skipped/>
  </testcase> <!-- OrderpageProductValidation -->
</testsuite> <!-- PlaceOrderTest -->
